# JRE version: Java(TM) SE Runtime Environment (8.0_201-b09) (build 1.8.0_201-b09)
# Java VM: Java HotSpot(TM) 64-Bit Server VM (25.201-b09 mixed mode windows-amd64 compressed oops)
Heap:
 PSYoungGen      total 221696K, used 192522K [0x00000000e0000000, 0x00000000ef380000, 0x0000000100000000)
  eden space 195072K, 96% used [0x00000000e0000000,0x00000000eb769f40,0x00000000ebe80000)
  from space 26624K, 17% used [0x00000000ed980000,0x00000000ede189b8,0x00000000ef380000)
  to   space 27136K, 0% used [0x00000000ebe80000,0x00000000ebe80000,0x00000000ed900000)
 ParOldGen       total 125952K, used 75966K [0x00000000a0000000, 0x00000000a7b00000, 0x00000000e0000000)
  object space 125952K, 60% used [0x00000000a0000000,0x00000000a4a2fb80,0x00000000a7b00000)
 Metaspace       used 80812K, capacity 83726K, committed 83928K, reserved 1122304K
  class space    used 10865K, capacity 11470K, committed 11520K, reserved 1048576K
GC Heap History (10 events):
Event: 111.262 GC heap before
{Heap before GC invocations=32 (full 4):
 PSYoungGen      total 164352K, used 139864K [0x00000000e0000000, 0x00000000ecc00000, 0x0000000100000000)
  eden space 132608K, 99% used [0x00000000e0000000,0x00000000e81518b0,0x00000000e8180000)
  from space 31744K, 23% used [0x00000000e8180000,0x00000000e88c49c8,0x00000000ea080000)
  to   space 30720K, 0% used [0x00000000eae00000,0x00000000eae00000,0x00000000ecc00000)
 ParOldGen       total 125952K, used 69631K [0x00000000a0000000, 0x00000000a7b00000, 0x00000000e0000000)
  object space 125952K, 55% used [0x00000000a0000000,0x00000000a43fff28,0x00000000a7b00000)
 Metaspace       used 77912K, capacity 80478K, committed 80600K, reserved 1118208K
  class space    used 10385K, capacity 10954K, committed 11008K, reserved 1048576K
Event: 111.282 GC heap after
Heap after GC invocations=32 (full 4):
 PSYoungGen      total 171008K, used 7746K [0x00000000e0000000, 0x00000000ec780000, 0x0000000100000000)
  eden space 144896K, 0% used [0x00000000e0000000,0x00000000e0000000,0x00000000e8d80000)
  from space 26112K, 29% used [0x00000000eae00000,0x00000000eb590870,0x00000000ec780000)
  to   space 29696K, 0% used [0x00000000e8d80000,0x00000000e8d80000,0x00000000eaa80000)
 ParOldGen       total 125952K, used 69639K [0x00000000a0000000, 0x00000000a7b00000, 0x00000000e0000000)
  object space 125952K, 55% used [0x00000000a0000000,0x00000000a4401f28,0x00000000a7b00000)
 Metaspace       used 77912K, capacity 80478K, committed 80600K, reserved 1118208K
  class space    used 10385K, capacity 10954K, committed 11008K, reserved 1048576K
}
Event: 113.541 GC heap before
{Heap before GC invocations=33 (full 4):
 PSYoungGen      total 171008K, used 151739K [0x00000000e0000000, 0x00000000ec780000, 0x0000000100000000)
  eden space 144896K, 99% used [0x00000000e0000000,0x00000000e8c9e4d8,0x00000000e8d80000)
  from space 26112K, 29% used [0x00000000eae00000,0x00000000eb590870,0x00000000ec780000)
  to   space 29696K, 0% used [0x00000000e8d80000,0x00000000e8d80000,0x00000000eaa80000)
 ParOldGen       total 125952K, used 69639K [0x00000000a0000000, 0x00000000a7b00000, 0x00000000e0000000)
  object space 125952K, 55% used [0x00000000a0000000,0x00000000a4401f28,0x00000000a7b00000)
 Metaspace       used 78759K, capacity 81370K, committed 81496K, reserved 1120256K
  class space    used 10504K, capacity 11072K, committed 11136K, reserved 1048576K
Event: 113.573 GC heap after
Heap after GC invocations=33 (full 4):
 PSYoungGen      total 174592K, used 17237K [0x00000000e0000000, 0x00000000ed480000, 0x0000000100000000)
  eden space 144896K, 0% used [0x00000000e0000000,0x00000000e0000000,0x00000000e8d80000)
  from space 29696K, 58% used [0x00000000e8d80000,0x00000000e9e55780,0x00000000eaa80000)
  to   space 30208K, 0% used [0x00000000eb700000,0x00000000eb700000,0x00000000ed480000)
 ParOldGen       total 125952K, used 69647K [0x00000000a0000000, 0x00000000a7b00000, 0x00000000e0000000)
  object space 125952K, 55% used [0x00000000a0000000,0x00000000a4403f28,0x00000000a7b00000)
 Metaspace       used 78759K, capacity 81370K, committed 81496K, reserved 1120256K
  class space    used 10504K, capacity 11072K, committed 11136K, reserved 1048576K
}
Event: 113.618 GC heap before
{Heap before GC invocations=34 (full 4):
 PSYoungGen      total 174592K, used 161404K [0x00000000e0000000, 0x00000000ed480000, 0x0000000100000000)
  eden space 144896K, 99% used [0x00000000e0000000,0x00000000e8cc9a88,0x00000000e8d80000)
  from space 29696K, 58% used [0x00000000e8d80000,0x00000000e9e55780,0x00000000eaa80000)
  to   space 30208K, 0% used [0x00000000eb700000,0x00000000eb700000,0x00000000ed480000)
 ParOldGen       total 125952K, used 69647K [0x00000000a0000000, 0x00000000a7b00000, 0x00000000e0000000)
  object space 125952K, 55% used [0x00000000a0000000,0x00000000a4403f28,0x00000000a7b00000)
 Metaspace       used 78763K, capacity 81370K, committed 81496K, reserved 1120256K
  class space    used 10504K, capacity 11072K, committed 11136K, reserved 1048576K
Event: 113.648 GC heap after
Heap after GC invocations=34 (full 4):
 PSYoungGen      total 188928K, used 12748K [0x00000000e0000000, 0x00000000ee200000, 0x0000000100000000)
  eden space 158720K, 0% used [0x00000000e0000000,0x00000000e0000000,0x00000000e9b00000)
  from space 30208K, 42% used [0x00000000eb700000,0x00000000ec373200,0x00000000ed480000)
  to   space 28672K, 0% used [0x00000000e9b00000,0x00000000e9b00000,0x00000000eb700000)
 ParOldGen       total 125952K, used 69655K [0x00000000a0000000, 0x00000000a7b00000, 0x00000000e0000000)
  object space 125952K, 55% used [0x00000000a0000000,0x00000000a4405f28,0x00000000a7b00000)
 Metaspace       used 78763K, capacity 81370K, committed 81496K, reserved 1120256K
  class space    used 10504K, capacity 11072K, committed 11136K, reserved 1048576K
}
Event: 113.688 GC heap before
{Heap before GC invocations=35 (full 4):
 PSYoungGen      total 188928K, used 170808K [0x00000000e0000000, 0x00000000ee200000, 0x0000000100000000)
  eden space 158720K, 99% used [0x00000000e0000000,0x00000000e9a5ae60,0x00000000e9b00000)
  from space 30208K, 42% used [0x00000000eb700000,0x00000000ec373200,0x00000000ed480000)
  to   space 28672K, 0% used [0x00000000e9b00000,0x00000000e9b00000,0x00000000eb700000)
 ParOldGen       total 125952K, used 69655K [0x00000000a0000000, 0x00000000a7b00000, 0x00000000e0000000)
  object space 125952K, 55% used [0x00000000a0000000,0x00000000a4405f28,0x00000000a7b00000)
 Metaspace       used 78769K, capacity 81370K, committed 81496K, reserved 1120256K
  class space    used 10504K, capacity 11072K, committed 11136K, reserved 1048576K
Event: 113.712 GC heap after
Heap after GC invocations=35 (full 4):
 PSYoungGen      total 187392K, used 6662K [0x00000000e0000000, 0x00000000ef480000, 0x0000000100000000)
  eden space 158720K, 0% used [0x00000000e0000000,0x00000000e0000000,0x00000000e9b00000)
  from space 28672K, 23% used [0x00000000e9b00000,0x00000000ea181800,0x00000000eb700000)
  to   space 27648K, 0% used [0x00000000ed980000,0x00000000ed980000,0x00000000ef480000)
 ParOldGen       total 125952K, used 75270K [0x00000000a0000000, 0x00000000a7b00000, 0x00000000e0000000)
  object space 125952K, 59% used [0x00000000a0000000,0x00000000a4981b80,0x00000000a7b00000)
 Metaspace       used 78769K, capacity 81370K, committed 81496K, reserved 1120256K
  class space    used 10504K, capacity 11072K, committed 11136K, reserved 1048576K
}
Event: 113.757 GC heap before
{Heap before GC invocations=36 (full 4):
 PSYoungGen      total 187392K, used 164980K [0x00000000e0000000, 0x00000000ef480000, 0x0000000100000000)
  eden space 158720K, 99% used [0x00000000e0000000,0x00000000e9a9bbb0,0x00000000e9b00000)
  from space 28672K, 23% used [0x00000000e9b00000,0x00000000ea181800,0x00000000eb700000)
  to   space 27648K, 0% used [0x00000000ed980000,0x00000000ed980000,0x00000000ef480000)
 ParOldGen       total 125952K, used 75270K [0x00000000a0000000, 0x00000000a7b00000, 0x00000000e0000000)
  object space 125952K, 59% used [0x00000000a0000000,0x00000000a4981b80,0x00000000a7b00000)
 Metaspace       used 78773K, capacity 81370K, committed 81496K, reserved 1120256K
  class space    used 10504K, capacity 11072K, committed 11136K, reserved 1048576K
Event: 113.768 GC heap after
Heap after GC invocations=36 (full 4):
 PSYoungGen      total 221696K, used 4706K [0x00000000e0000000, 0x00000000ef380000, 0x0000000100000000)
  eden space 195072K, 0% used [0x00000000e0000000,0x00000000e0000000,0x00000000ebe80000)
  from space 26624K, 17% used [0x00000000ed980000,0x00000000ede189b8,0x00000000ef380000)
  to   space 27136K, 0% used [0x00000000ebe80000,0x00000000ebe80000,0x00000000ed900000)
 ParOldGen       total 125952K, used 75966K [0x00000000a0000000, 0x00000000a7b00000, 0x00000000e0000000)
  object space 125952K, 60% used [0x00000000a0000000,0x00000000a4a2fb80,0x00000000a7b00000)
 Metaspace       used 78773K, capacity 81370K, committed 81496K, reserved 1120256K
  class space    used 10504K, capacity 11072K, committed 11136K, reserved 1048576K
}

