# JRE version: Java(TM) SE Runtime Environment (8.0_201-b09) (build 1.8.0_201-b09)
# Java VM: Java HotSpot(TM) 64-Bit Server VM (25.201-b09 mixed mode windows-amd64 compressed oops)
Heap:
 PSYoungGen      total 218624K, used 138792K [0x00000000e0000000, 0x00000000eee80000, 0x0000000100000000)
  eden space 198656K, 69% used [0x00000000e0000000,0x00000000e878a0d8,0x00000000ec200000)
  from space 19968K, 0% used [0x00000000ed500000,0x00000000ed500000,0x00000000ee880000)
  to   space 19456K, 0% used [0x00000000ec200000,0x00000000ec200000,0x00000000ed500000)
 ParOldGen       total 98304K, used 55796K [0x00000000a0000000, 0x00000000a6000000, 0x00000000e0000000)
  object space 98304K, 56% used [0x00000000a0000000,0x00000000a367d1b8,0x00000000a6000000)
 Metaspace       used 75734K, capacity 78242K, committed 78592K, reserved 1118208K
  class space    used 10049K, capacity 10683K, committed 10752K, reserved 1048576K
GC Heap History (10 events):
Event: 39.414 GC heap before
{Heap before GC invocations=20 (full 3):
 PSYoungGen      total 156672K, used 5896K [0x00000000e0000000, 0x00000000ec880000, 0x0000000100000000)
  eden space 142848K, 0% used [0x00000000e0000000,0x00000000e0000000,0x00000000e8b80000)
  from space 13824K, 42% used [0x00000000e8b80000,0x00000000e9142308,0x00000000e9900000)
  to   space 12800K, 0% used [0x00000000ebc00000,0x00000000ebc00000,0x00000000ec880000)
 ParOldGen       total 37888K, used 34840K [0x00000000a0000000, 0x00000000a2500000, 0x00000000e0000000)
  object space 37888K, 91% used [0x00000000a0000000,0x00000000a22062a8,0x00000000a2500000)
 Metaspace       used 57703K, capacity 59100K, committed 59160K, reserved 1099776K
  class space    used 7863K, capacity 8296K, committed 8320K, reserved 1048576K
Event: 40.838 GC heap after
Heap after GC invocations=20 (full 3):
 PSYoungGen      total 156672K, used 0K [0x00000000e0000000, 0x00000000ec880000, 0x0000000100000000)
  eden space 142848K, 0% used [0x00000000e0000000,0x00000000e0000000,0x00000000e8b80000)
  from space 13824K, 0% used [0x00000000e8b80000,0x00000000e8b80000,0x00000000e9900000)
  to   space 12800K, 0% used [0x00000000ebc00000,0x00000000ebc00000,0x00000000ec880000)
 ParOldGen       total 61952K, used 32489K [0x00000000a0000000, 0x00000000a3c80000, 0x00000000e0000000)
  object space 61952K, 52% used [0x00000000a0000000,0x00000000a1fba578,0x00000000a3c80000)
 Metaspace       used 57660K, capacity 58960K, committed 59160K, reserved 1099776K
  class space    used 7846K, capacity 8248K, committed 8320K, reserved 1048576K
}
Event: 49.480 GC heap before
{Heap before GC invocations=21 (full 3):
 PSYoungGen      total 156672K, used 142848K [0x00000000e0000000, 0x00000000ec880000, 0x0000000100000000)
  eden space 142848K, 100% used [0x00000000e0000000,0x00000000e8b80000,0x00000000e8b80000)
  from space 13824K, 0% used [0x00000000e8b80000,0x00000000e8b80000,0x00000000e9900000)
  to   space 12800K, 0% used [0x00000000ebc00000,0x00000000ebc00000,0x00000000ec880000)
 ParOldGen       total 61952K, used 32489K [0x00000000a0000000, 0x00000000a3c80000, 0x00000000e0000000)
  object space 61952K, 52% used [0x00000000a0000000,0x00000000a1fba578,0x00000000a3c80000)
 Metaspace       used 63248K, capacity 65170K, committed 65408K, reserved 1105920K
  class space    used 8781K, capacity 9256K, committed 9344K, reserved 1048576K
Event: 49.507 GC heap after
Heap after GC invocations=21 (full 3):
 PSYoungGen      total 180736K, used 11040K [0x00000000e0000000, 0x00000000ec700000, 0x0000000100000000)
  eden space 169472K, 0% used [0x00000000e0000000,0x00000000e0000000,0x00000000ea580000)
  from space 11264K, 98% used [0x00000000ebc00000,0x00000000ec6c8078,0x00000000ec700000)
  to   space 14336K, 0% used [0x00000000eab00000,0x00000000eab00000,0x00000000eb900000)
 ParOldGen       total 61952K, used 32497K [0x00000000a0000000, 0x00000000a3c80000, 0x00000000e0000000)
  object space 61952K, 52% used [0x00000000a0000000,0x00000000a1fbc578,0x00000000a3c80000)
 Metaspace       used 63248K, capacity 65170K, committed 65408K, reserved 1105920K
  class space    used 8781K, capacity 9256K, committed 9344K, reserved 1048576K
}
Event: 57.573 GC heap before
{Heap before GC invocations=22 (full 3):
 PSYoungGen      total 180736K, used 180512K [0x00000000e0000000, 0x00000000ec700000, 0x0000000100000000)
  eden space 169472K, 100% used [0x00000000e0000000,0x00000000ea580000,0x00000000ea580000)
  from space 11264K, 98% used [0x00000000ebc00000,0x00000000ec6c8078,0x00000000ec700000)
  to   space 14336K, 0% used [0x00000000eab00000,0x00000000eab00000,0x00000000eb900000)
 ParOldGen       total 61952K, used 32497K [0x00000000a0000000, 0x00000000a3c80000, 0x00000000e0000000)
  object space 61952K, 52% used [0x00000000a0000000,0x00000000a1fbc578,0x00000000a3c80000)
 Metaspace       used 68573K, capacity 70798K, committed 71040K, reserved 1110016K
  class space    used 9297K, capacity 9851K, committed 9856K, reserved 1048576K
Event: 57.698 GC heap after
Heap after GC invocations=22 (full 3):
 PSYoungGen      total 189440K, used 14311K [0x00000000e0000000, 0x00000000ee880000, 0x0000000100000000)
  eden space 175104K, 0% used [0x00000000e0000000,0x00000000e0000000,0x00000000eab00000)
  from space 14336K, 99% used [0x00000000eab00000,0x00000000eb8f9ef0,0x00000000eb900000)
  to   space 19968K, 0% used [0x00000000ed500000,0x00000000ed500000,0x00000000ee880000)
 ParOldGen       total 61952K, used 41784K [0x00000000a0000000, 0x00000000a3c80000, 0x00000000e0000000)
  object space 61952K, 67% used [0x00000000a0000000,0x00000000a28ce368,0x00000000a3c80000)
 Metaspace       used 68573K, capacity 70798K, committed 71040K, reserved 1110016K
  class space    used 9297K, capacity 9851K, committed 9856K, reserved 1048576K
}
Event: 164.482 GC heap before
{Heap before GC invocations=23 (full 3):
 PSYoungGen      total 189440K, used 189415K [0x00000000e0000000, 0x00000000ee880000, 0x0000000100000000)
  eden space 175104K, 100% used [0x00000000e0000000,0x00000000eab00000,0x00000000eab00000)
  from space 14336K, 99% used [0x00000000eab00000,0x00000000eb8f9ef0,0x00000000eb900000)
  to   space 19968K, 0% used [0x00000000ed500000,0x00000000ed500000,0x00000000ee880000)
 ParOldGen       total 61952K, used 41784K [0x00000000a0000000, 0x00000000a3c80000, 0x00000000e0000000)
  object space 61952K, 67% used [0x00000000a0000000,0x00000000a28ce368,0x00000000a3c80000)
 Metaspace       used 72222K, capacity 74620K, committed 74880K, reserved 1114112K
  class space    used 9690K, capacity 10288K, committed 10368K, reserved 1048576K
Event: 168.527 GC heap after
Heap after GC invocations=23 (full 3):
 PSYoungGen      total 218624K, used 10349K [0x00000000e0000000, 0x00000000eee80000, 0x0000000100000000)
  eden space 198656K, 0% used [0x00000000e0000000,0x00000000e0000000,0x00000000ec200000)
  from space 19968K, 51% used [0x00000000ed500000,0x00000000edf1b6f0,0x00000000ee880000)
  to   space 19456K, 0% used [0x00000000ec200000,0x00000000ec200000,0x00000000ed500000)
 ParOldGen       total 61952K, used 56048K [0x00000000a0000000, 0x00000000a3c80000, 0x00000000e0000000)
  object space 61952K, 90% used [0x00000000a0000000,0x00000000a36bc3a8,0x00000000a3c80000)
 Metaspace       used 72222K, capacity 74620K, committed 74880K, reserved 1114112K
  class space    used 9690K, capacity 10288K, committed 10368K, reserved 1048576K
}
Event: 168.528 GC heap before
{Heap before GC invocations=24 (full 4):
 PSYoungGen      total 218624K, used 10349K [0x00000000e0000000, 0x00000000eee80000, 0x0000000100000000)
  eden space 198656K, 0% used [0x00000000e0000000,0x00000000e0000000,0x00000000ec200000)
  from space 19968K, 51% used [0x00000000ed500000,0x00000000edf1b6f0,0x00000000ee880000)
  to   space 19456K, 0% used [0x00000000ec200000,0x00000000ec200000,0x00000000ed500000)
 ParOldGen       total 61952K, used 56048K [0x00000000a0000000, 0x00000000a3c80000, 0x00000000e0000000)
  object space 61952K, 90% used [0x00000000a0000000,0x00000000a36bc3a8,0x00000000a3c80000)
 Metaspace       used 72222K, capacity 74620K, committed 74880K, reserved 1114112K
  class space    used 9690K, capacity 10288K, committed 10368K, reserved 1048576K
Event: 173.299 GC heap after
Heap after GC invocations=24 (full 4):
 PSYoungGen      total 218624K, used 0K [0x00000000e0000000, 0x00000000eee80000, 0x0000000100000000)
  eden space 198656K, 0% used [0x00000000e0000000,0x00000000e0000000,0x00000000ec200000)
  from space 19968K, 0% used [0x00000000ed500000,0x00000000ed500000,0x00000000ee880000)
  to   space 19456K, 0% used [0x00000000ec200000,0x00000000ec200000,0x00000000ed500000)
 ParOldGen       total 98304K, used 55796K [0x00000000a0000000, 0x00000000a6000000, 0x00000000e0000000)
  object space 98304K, 56% used [0x00000000a0000000,0x00000000a367d1b8,0x00000000a6000000)
 Metaspace       used 72222K, capacity 74620K, committed 74880K, reserved 1114112K
  class space    used 9690K, capacity 10288K, committed 10368K, reserved 1048576K
}

